[    0.000000] Linux version 4.15.0-212-generic (buildd@lcy02-amd64-083) (gcc version 7.5.0 (Ubuntu 7.5.0-3ubuntu1~18.04)) #223-Ubuntu SMP Tue May 23 13:09:22 UTC 2023 (Ubuntu 4.15.0-212.223-generic 4.15.18)
[    0.000000] Command line: BOOT_IMAGE=/boot/vmlinuz-4.15.0-212-generic root=LABEL=cloudimg-rootfs ro console=tty1 console=ttyS0
[    0.000000] KERNEL supported cpus:
[    0.000000]   Intel GenuineIntel
[    0.000000]   AMD AuthenticAMD
[    0.000000]   Centaur CentaurHauls
[    0.000000] x86/fpu: Supporting XSAVE feature 0x001: 'x87 floating point registers'
[    0.000000] x86/fpu: Supporting XSAVE feature 0x002: 'SSE registers'
[    0.000000] x86/fpu: Supporting XSAVE feature 0x004: 'AVX registers'
[    0.000000] x86/fpu: xstate_offset[2]:  576, xstate_sizes[2]:  256
[    0.000000] x86/fpu: Enabled xstate features 0x7, context size is 832 bytes, using 'standard' format.
[    0.000000] e820: BIOS-provided physical RAM map:
[    0.000000] BIOS-e820: [mem 0x0000000000000000-0x000000000009fbff] usable
[    0.000000] BIOS-e820: [mem 0x000000000009fc00-0x000000000009ffff] reserved
[    0.000000] BIOS-e820: [mem 0x00000000000f0000-0x00000000000fffff] reserved
[    0.000000] BIOS-e820: [mem 0x0000000000100000-0x000000001ffeffff] usable
[    0.000000] BIOS-e820: [mem 0x000000001fff0000-0x000000001fffffff] ACPI data
[    0.000000] BIOS-e820: [mem 0x00000000fec00000-0x00000000fec00fff] reserved
[    0.000000] BIOS-e820: [mem 0x00000000fee00000-0x00000000fee00fff] reserved
[    0.000000] BIOS-e820: [mem 0x00000000fffc0000-0x00000000ffffffff] reserved
[    0.000000] NX (Execute Disable) protection: active
[    0.000000] SMBIOS 2.5 present.
[    0.000000] DMI: innotek GmbH VirtualBox/VirtualBox, BIOS VirtualBox 12/01/2006
[    0.000000] Hypervisor detected: KVM
[    0.000000] e820: last_pfn = 0x1fff0 max_arch_pfn = 0x400000000
[    0.000000] MTRR: Disabled
[    0.000000] x86/PAT: MTRRs disabled, skipping PAT initialization too.
[    0.000000] CPU MTRRs all blank - virtualized system.
[    0.000000] x86/PAT: Configuration [0-7]: WB  WT  UC- UC  WB  WT  UC- UC  
[    0.000000] found SMP MP-table at [mem 0x0009fff0-0x0009ffff]
[    0.000000] Scanning 1 areas for low memory corruption
[    0.000000] RAMDISK: [mem 0x1db01000-0x1ee12fff]
[    0.000000] ACPI: Early table checksum verification disabled
[    0.000000] ACPI: RSDP 0x00000000000E0000 000024 (v02 VBOX  )
[    0.000000] ACPI: XSDT 0x000000001FFF0030 00003C (v01 VBOX   VBOXXSDT 00000001 ASL  00000061)
[    0.000000] ACPI: FACP 0x000000001FFF00F0 0000F4 (v04 VBOX   VBOXFACP 00000001 ASL  00000061)
[    0.000000] ACPI: DSDT 0x000000001FFF0470 002325 (v02 VBOX   VBOXBIOS 00000002 INTL 20200925)
[    0.000000] ACPI: FACS 0x000000001FFF0200 000040
[    0.000000] ACPI: FACS 0x000000001FFF0200 000040
[    0.000000] ACPI: APIC 0x000000001FFF0240 00005C (v02 VBOX   VBOXAPIC 00000001 ASL  00000061)
[    0.000000] ACPI: SSDT 0x000000001FFF02A0 0001CC (v01 VBOX   VBOXCPUT 00000002 INTL 20200925)
[    0.000000] ACPI: Reserving FACP table memory at [mem 0x1fff00f0-0x1fff01e3]
[    0.000000] ACPI: Reserving DSDT table memory at [mem 0x1fff0470-0x1fff2794]
[    0.000000] ACPI: Reserving FACS table memory at [mem 0x1fff0200-0x1fff023f]
[    0.000000] ACPI: Reserving FACS table memory at [mem 0x1fff0200-0x1fff023f]
[    0.000000] ACPI: Reserving APIC table memory at [mem 0x1fff0240-0x1fff029b]
[    0.000000] ACPI: Reserving SSDT table memory at [mem 0x1fff02a0-0x1fff046b]
[    0.000000] No NUMA configuration found
[    0.000000] Faking a node at [mem 0x0000000000000000-0x000000001ffeffff]
[    0.000000] NODE_DATA(0) allocated [mem 0x1ffc5000-0x1ffeffff]
[    0.000000] kvm-clock: cpu 0, msr 0:1ff44001, primary cpu clock
[    0.000000] kvm-clock: Using msrs 4b564d01 and 4b564d00
[    0.000000] kvm-clock: using sched offset of 3595096652 cycles
[    0.000000] clocksource: kvm-clock: mask: 0xffffffffffffffff max_cycles: 0x1cd42e4dffb, max_idle_ns: 881590591483 ns
[    0.000000] Zone ranges:
[    0.000000]   DMA      [mem 0x0000000000001000-0x0000000000ffffff]
[    0.000000]   DMA32    [mem 0x0000000001000000-0x000000001ffeffff]
[    0.000000]   Normal   empty
[    0.000000]   Device   empty
[    0.000000] Movable zone start for each node
[    0.000000] Early memory node ranges
[    0.000000]   node   0: [mem 0x0000000000001000-0x000000000009efff]
[    0.000000]   node   0: [mem 0x0000000000100000-0x000000001ffeffff]
[    0.000000] Reserved but unavailable: 104 pages
[    0.000000] Initmem setup node 0 [mem 0x0000000000001000-0x000000001ffeffff]
[    0.000000] ACPI: PM-Timer IO Port: 0x4008
[    0.000000] IOAPIC[0]: apic_id 2, version 32, address 0xfec00000, GSI 0-23
[    0.000000] ACPI: INT_SRC_OVR (bus 0 bus_irq 0 global_irq 2 dfl dfl)
[    0.000000] ACPI: INT_SRC_OVR (bus 0 bus_irq 9 global_irq 9 low level)
[    0.000000] Using ACPI (MADT) for SMP configuration information
[    0.000000] smpboot: Allowing 2 CPUs, 0 hotplug CPUs
[    0.000000] PM: Registered nosave memory: [mem 0x00000000-0x00000fff]
[    0.000000] PM: Registered nosave memory: [mem 0x0009f000-0x0009ffff]
[    0.000000] PM: Registered nosave memory: [mem 0x000a0000-0x000effff]
[    0.000000] PM: Registered nosave memory: [mem 0x000f0000-0x000fffff]
[    0.000000] e820: [mem 0x20000000-0xfebfffff] available for PCI devices
[    0.000000] Booting paravirtualized kernel on KVM
[    0.000000] clocksource: refined-jiffies: mask: 0xffffffff max_cycles: 0xffffffff, max_idle_ns: 7645519600211568 ns
[    0.000000] setup_percpu: NR_CPUS:8192 nr_cpumask_bits:2 nr_cpu_ids:2 nr_node_ids:1
[    0.000000] percpu: Embedded 50 pages/cpu s167936 r8192 d28672 u1048576
[    0.000000] PV qspinlock hash table entries: 256 (order: 0, 4096 bytes)
[    0.000000] Built 1 zonelists, mobility grouping on.  Total pages: 128889
[    0.000000] Policy zone: DMA32
[    0.000000] Kernel command line: BOOT_IMAGE=/boot/vmlinuz-4.15.0-212-generic root=LABEL=cloudimg-rootfs ro console=tty1 console=ttyS0
[    0.000000] Memory: 466548K/523832K available (12300K kernel code, 2477K rwdata, 4324K rodata, 2480K init, 2720K bss, 57284K reserved, 0K cma-reserved)
[    0.000000] SLUB: HWalign=64, Order=0-3, MinObjects=0, CPUs=2, Nodes=1
[    0.000000] Kernel/User page tables isolation: enabled
[    0.000000] ftrace: allocating 39508 entries in 155 pages
[    0.004000] Hierarchical RCU implementation.
[    0.004000] 	RCU restricting CPUs from NR_CPUS=8192 to nr_cpu_ids=2.
[    0.004000] 	Tasks RCU enabled.
[    0.004000] RCU: Adjusting geometry for rcu_fanout_leaf=16, nr_cpu_ids=2
[    0.004000] NR_IRQS: 524544, nr_irqs: 440, preallocated irqs: 16
[    0.004000] Console: colour VGA+ 80x25
[    0.004000] console [tty1] enabled
[    0.004000] console [ttyS0] enabled
[    0.004000] ACPI: Core revision 20170831
[    0.004000] ACPI: 2 ACPI AML tables successfully acquired and loaded
[    0.004000] APIC: Switch to symmetric I/O mode setup
[    0.004000] x2apic enabled
[    0.004000] Switched APIC routing to physical x2apic.
[    0.004000] ..TIMER: vector=0x30 apic1=0 pin1=2 apic2=-1 pin2=-1
[    0.004006] tsc: Detected 3090.824 MHz processor
[    0.005108] Calibrating delay loop (skipped) preset value.. 6181.64 BogoMIPS (lpj=12363296)
[    0.008005] pid_max: default: 32768 minimum: 301
[    0.009183] Security Framework initialized
[    0.010202] Yama: becoming mindful.
[    0.011061] AppArmor: AppArmor initialized
[    0.012102] Dentry cache hash table entries: 65536 (order: 7, 524288 bytes)
[    0.013680] Inode-cache hash table entries: 32768 (order: 6, 262144 bytes)
[    0.016020] Mount-cache hash table entries: 1024 (order: 1, 8192 bytes)
[    0.017686] Mountpoint-cache hash table entries: 1024 (order: 1, 8192 bytes)
[    0.020110] Last level iTLB entries: 4KB 512, 2MB 8, 4MB 8
[    0.021382] Last level dTLB entries: 4KB 512, 2MB 32, 4MB 32, 1GB 0
[    0.022796] Spectre V1 : Mitigation: usercopy/swapgs barriers and __user pointer sanitization
[    0.024004] Spectre V2 : Mitigation: Retpolines
[    0.025055] Spectre V2 : Spectre v2 / SpectreRSB mitigation: Filling RSB on context switch
[    0.026918] Spectre V2 : Spectre v2 / SpectreRSB : Filling RSB on VMEXIT
[    0.028003] Speculative Store Bypass: Vulnerable
[    0.029140] MDS: Mitigation: Clear CPU buffers
[    0.030171] MMIO Stale Data: Unknown: No mitigations
[    0.032165] Freeing SMP alternatives memory: 36K
[    0.143413] smpboot: CPU0: Intel(R) Core(TM) i3-2100 CPU @ 3.10GHz (family: 0x6, model: 0x2a, stepping: 0x7)
[    0.144000] Performance Events: unsupported p6 CPU model 42 no PMU driver, software events only.
[    0.144054] Hierarchical SRCU implementation.
[    0.145730] NMI watchdog: Perf event create on CPU 0 failed with -2
[    0.147142] NMI watchdog: Perf NMI watchdog permanently disabled
[    0.148069] smp: Bringing up secondary CPUs ...
[    0.149264] x86: Booting SMP configuration:
[    0.150239] .... node  #0, CPUs:      #1
[    0.004000] kvm-clock: cpu 1, msr 0:1ff44041, secondary cpu clock
[    0.155428] smp: Brought up 1 node, 2 CPUs
[    0.155428] smpboot: Max logical packages: 1
[    0.156008] smpboot: Total of 2 processors activated (12363.29 BogoMIPS)
[    0.160154] devtmpfs: initialized
[    0.160870] x86/mm: Memory block size: 128MB
[    0.162015] evm: security.selinux
[    0.164004] evm: security.SMACK64
[    0.164808] evm: security.SMACK64EXEC
[    0.165676] evm: security.SMACK64TRANSMUTE
[    0.166667] evm: security.SMACK64MMAP
[    0.168004] evm: security.apparmor
[    0.168816] evm: security.ima
[    0.169543] evm: security.capability
[    0.170442] clocksource: jiffies: mask: 0xffffffff max_cycles: 0xffffffff, max_idle_ns: 7645041785100000 ns
[    0.172016] futex hash table entries: 512 (order: 3, 32768 bytes)
[    0.173459] pinctrl core: initialized pinctrl subsystem
[    0.174793] RTC time:  1:10:28, date: 11/25/23
[    0.176288] NET: Registered protocol family 16
[    0.177431] audit: initializing netlink subsys (disabled)
[    0.178776] audit: type=2000 audit(1700874633.514:1): state=initialized audit_enabled=0 res=1
[    0.180023] cpuidle: using governor ladder
[    0.181146] cpuidle: using governor menu
[    0.184045] ACPI: bus type PCI registered
[    0.185073] acpiphp: ACPI Hot Plug PCI Controller Driver version: 0.5
[    0.186729] PCI: Using configuration type 1 for base access
[    0.189097] HugeTLB registered 2.00 MiB page size, pre-allocated 0 pages
[    0.189722] ACPI: Added _OSI(Module Device)
[    0.192007] ACPI: Added _OSI(Processor Device)
[    0.193114] ACPI: Added _OSI(3.0 _SCP Extensions)
[    0.194302] ACPI: Added _OSI(Processor Aggregator Device)
[    0.196011] ACPI: Added _OSI(Linux-Dell-Video)
[    0.197130] ACPI: Added _OSI(Linux-Lenovo-NV-HDMI-Audio)
[    0.198525] ACPI: Added _OSI(Linux-HPI-Hybrid-Graphics)
[    0.200307] ACPI: Executed 1 blocks of module-level executable AML code
[    0.204000] ACPI: Interpreter enabled
[    0.204022] ACPI: (supports S0 S5)
[    0.204887] ACPI: Using IOAPIC for interrupt routing
[    0.209020] PCI: Using host bridge windows from ACPI; if necessary, use "pci=nocrs" and report a bug
[    0.212202] ACPI: Enabled 2 GPEs in block 00 to 07
[    0.220436] ACPI: PCI Root Bridge [PCI0] (domain 0000 [bus 00-ff])
[    0.221930] acpi PNP0A03:00: _OSC: OS supports [ASPM ClockPM Segments MSI]
[    0.224130] acpi PNP0A03:00: _OSC: not requesting OS control; OS requires [ExtendedConfig ASPM ClockPM MSI]
[    0.226486] acpi PNP0A03:00: fail to add MMCONFIG information, can't access extended PCI configuration space under this bridge.
[    0.228437] PCI host bridge to bus 0000:00
[    0.229478] pci_bus 0000:00: root bus resource [io  0x0000-0x0cf7 window]
[    0.232004] pci_bus 0000:00: root bus resource [io  0x0d00-0xffff window]
[    0.233633] pci_bus 0000:00: root bus resource [mem 0x000a0000-0x000bffff window]
[    0.235515] pci_bus 0000:00: root bus resource [mem 0x20000000-0xfdffffff window]
[    0.236004] pci_bus 0000:00: root bus resource [bus 00-ff]
[    0.241693] pci 0000:00:01.1: legacy IDE quirk: reg 0x10: [io  0x01f0-0x01f7]
[    0.243469] pci 0000:00:01.1: legacy IDE quirk: reg 0x14: [io  0x03f6]
[    0.244004] pci 0000:00:01.1: legacy IDE quirk: reg 0x18: [io  0x0170-0x0177]
[    0.245734] pci 0000:00:01.1: legacy IDE quirk: reg 0x1c: [io  0x0376]
[    0.261796] pci 0000:00:07.0: quirk: [io  0x4000-0x403f] claimed by PIIX4 ACPI
[    0.263714] pci 0000:00:07.0: quirk: [io  0x4100-0x410f] claimed by PIIX4 SMB
[    0.270729] ACPI: PCI Interrupt Link [LNKA] (IRQs 5 9 10 *11)
[    0.272344] ACPI: PCI Interrupt Link [LNKB] (IRQs 5 9 *10 11)
[    0.273960] ACPI: PCI Interrupt Link [LNKC] (IRQs 5 *9 10 11)
[    0.275598] ACPI: PCI Interrupt Link [LNKD] (IRQs 5 9 10 *11)
[    0.276483] SCSI subsystem initialized
[    0.277539] pci 0000:00:02.0: vgaarb: setting as boot VGA device
[    0.277565] pci 0000:00:02.0: vgaarb: VGA device added: decodes=io+mem,owns=io+mem,locks=none
[    0.280013] pci 0000:00:02.0: vgaarb: bridge control possible
[    0.284003] vgaarb: loaded
[    0.284739] ACPI: bus type USB registered
[    0.285786] usbcore: registered new interface driver usbfs
[    0.287134] usbcore: registered new interface driver hub
[    0.288018] usbcore: registered new device driver usb
[    0.289336] EDAC MC: Ver: 3.0.0
[    0.289336] PCI: Using ACPI for IRQ routing
[    0.292290] NetLabel: Initializing
[    0.293174] NetLabel:  domain hash size = 128
[    0.294314] NetLabel:  protocols = UNLABELED CIPSOv4 CALIPSO
[    0.296024] NetLabel:  unlabeled traffic allowed by default
[    0.297402] clocksource: Switched to clocksource kvm-clock
[    0.312063] VFS: Disk quotas dquot_6.6.0
[    0.313261] VFS: Dquot-cache hash table entries: 512 (order 0, 4096 bytes)
[    0.315132] AppArmor: AppArmor Filesystem Enabled
[    0.316375] pnp: PnP ACPI init
[    0.318270] pnp: PnP ACPI: found 3 devices
[    0.329233] clocksource: acpi_pm: mask: 0xffffff max_cycles: 0xffffff, max_idle_ns: 2085701024 ns
[    0.332657] NET: Registered protocol family 2
[    0.333813] IP idents hash table entries: 8192 (order: 4, 65536 bytes)
[    0.335666] TCP established hash table entries: 4096 (order: 3, 32768 bytes)
[    0.337446] TCP bind hash table entries: 4096 (order: 4, 65536 bytes)
[    0.339030] TCP: Hash tables configured (established 4096 bind 4096)
[    0.340623] UDP hash table entries: 256 (order: 1, 8192 bytes)
[    0.342059] UDP-Lite hash table entries: 256 (order: 1, 8192 bytes)
[    0.343595] NET: Registered protocol family 1
[    0.344752] pci 0000:00:00.0: Limiting direct PCI/PCI transfers
[    0.346234] pci 0000:00:01.0: Activating ISA DMA hang workarounds
[    0.347764] pci 0000:00:02.0: Video device with shadowed ROM at [mem 0x000c0000-0x000dffff]
[    0.349874] Unpacking initramfs...
[    0.641912] Freeing initrd memory: 19528K
[    0.643082] clocksource: tsc: mask: 0xffffffffffffffff max_cycles: 0x2c8d6bd9ae3, max_idle_ns: 440795353376 ns
[    0.645422] platform rtc_cmos: registered platform RTC device (no PNP device found)
[    0.647170] Scanning for low memory corruption every 60 seconds
[    0.649385] Initialise system trusted keyrings
[    0.650436] Key type blacklist registered
[    0.651469] workingset: timestamp_bits=36 max_order=17 bucket_order=0
[    0.654059] zbud: loaded
[    0.655281] squashfs: version 4.0 (2009/01/31) Phillip Lougher
[    0.656989] fuse init (API version 7.26)
[    0.661396] Key type asymmetric registered
[    0.662372] Asymmetric key parser 'x509' registered
[    0.663550] Block layer SCSI generic (bsg) driver version 0.4 loaded (major 246)
[    0.665409] io scheduler noop registered
[    0.666331] io scheduler deadline registered
[    0.667370] io scheduler cfq registered (default)
[    0.668834] ACPI: AC Adapter [AC] (on-line)
[    0.669868] input: Power Button as /devices/LNXSYSTM:00/LNXPWRBN:00/input/input0
[    0.671604] ACPI: Power Button [PWRF]
[    0.672567] input: Sleep Button as /devices/LNXSYSTM:00/LNXSLPBN:00/input/input1
[    0.674264] ACPI: Sleep Button [SLPF]
[    0.675502] Serial: 8250/16550 driver, 32 ports, IRQ sharing enabled
[    0.697717] 00:02: ttyS0 at I/O 0x3f8 (irq = 4, base_baud = 115200) is a 16550A
[    0.702336] Linux agpgart interface v0.103
[    0.705009] loop: module loaded
[    0.706411] scsi host0: ata_piix
[    0.707351] scsi host1: ata_piix
[    0.708191] ata1: PATA max UDMA/33 cmd 0x1f0 ctl 0x3f6 bmdma 0xd000 irq 14
[    0.709717] ata2: PATA max UDMA/33 cmd 0x170 ctl 0x376 bmdma 0xd008 irq 15
[    0.711318] tun: Universal TUN/TAP device driver, 1.6
[    0.712683] PPP generic driver version 2.4.2
[    0.713770] ehci_hcd: USB 2.0 'Enhanced' Host Controller (EHCI) Driver
[    0.715235] ehci-pci: EHCI PCI platform driver
[    0.716315] ehci-platform: EHCI generic platform driver
[    0.717550] ohci_hcd: USB 1.1 'Open' Host Controller (OHCI) Driver
[    0.718924] ohci-pci: OHCI PCI platform driver
[    0.719964] ohci-platform: OHCI generic platform driver
[    0.721287] uhci_hcd: USB Universal Host Controller Interface driver
[    0.722759] i8042: PNP: PS/2 Controller [PNP0303:PS2K,PNP0f03:PS2M] at 0x60,0x64 irq 1,12
[    0.725101] serio: i8042 KBD port at 0x60,0x64 irq 1
[    0.726275] serio: i8042 AUX port at 0x60,0x64 irq 12
[    0.727609] mousedev: PS/2 mouse device common for all mice
[    0.729446] input: AT Translated Set 2 keyboard as /devices/platform/i8042/serio0/input/input2
[    0.731560] rtc_cmos rtc_cmos: rtc core: registered rtc_cmos as rtc0
[    0.733083] rtc_cmos rtc_cmos: alarms up to one day, 114 bytes nvram
[    0.734550] i2c /dev entries driver
[    0.735465] device-mapper: uevent: version 1.0.3
[    0.736693] device-mapper: ioctl: 4.37.0-ioctl (2017-09-20) initialised: dm-devel@redhat.com
[    0.738658] ledtrig-cpu: registered to indicate activity on CPUs
[    0.740432] NET: Registered protocol family 10
[    0.747414] Segment Routing with IPv6
[    0.748288] NET: Registered protocol family 17
[    0.749264] Key type dns_resolver registered
[    0.750343] mce: Using 0 MCE banks
[    0.751025] RAS: Correctable Errors collector initialized.
[    0.752137] sched_clock: Marking stable (752096236, 0)->(922785609, -170689373)
[    0.754063] registered taskstats version 1
[    0.754906] Loading compiled-in X.509 certificates
[    0.760797] Loaded X.509 cert 'Build time autogenerated kernel key: b5b26778eaa3ab3a4a6cee031137706e947d12ad'
[    0.763440] Loaded X.509 cert 'Canonical Ltd. Live Patch Signing: 14df34d1a87cf37625abec039ef2bf521249b969'
[    0.766068] Loaded X.509 cert 'Canonical Ltd. Kernel Module Signing: 88f752e560a1e0737e31163a466ad7b70a850c19'
[    0.767878] blacklist: Loading compiled-in revocation X.509 certificates
[    0.769219] Loaded X.509 cert 'Canonical Ltd. Secure Boot Signing: 61482aa2830d0ab2ad5af10b7250da9033ddcef0'
[    0.771054] Loaded X.509 cert 'Canonical Ltd. Secure Boot Signing (2017): 242ade75ac4a15e50d50c84b0d45ff3eae707a03'
[    0.772983] Loaded X.509 cert 'Canonical Ltd. Secure Boot Signing (ESM 2018): 365188c1d374d6b07c3c8f240f8ef722433d6a8b'
[    0.775004] Loaded X.509 cert 'Canonical Ltd. Secure Boot Signing (2019): c0746fd6c5da3ae827864651ad66ae47fe24b3e8'
[    0.776982] Loaded X.509 cert 'Canonical Ltd. Secure Boot Signing (2021 v1): a8d54bbb3825cfb94fa13c9f8a594a195c107b8d'
[    0.778947] Loaded X.509 cert 'Canonical Ltd. Secure Boot Signing (2021 v2): 4cf046892d6fd3c9a5b03f98d845f90851dc6a8c'
[    0.781025] Loaded X.509 cert 'Canonical Ltd. Secure Boot Signing (2021 v3): 100437bb6de6e469b581e61cd66bce3ef4ed53af'
[    0.782931] Loaded X.509 cert 'Canonical Ltd. Secure Boot Signing (Ubuntu Core 2019): c1d57b8f6b743f23ee41f4f7ee292f06eecadfb9'
[    0.785105] zswap: loaded using pool lzo/zbud
[    0.793359] Key type big_key registered
[    0.794193] Key type trusted registered
[    0.798285] Key type encrypted registered
[    0.799097] AppArmor: AppArmor sha1 policy hashing enabled
[    0.800238] ima: No TPM chip found, activating TPM-bypass! (rc=-19)
[    0.801400] ima: Allocated hash algorithm: sha1
[    0.802243] evm: HMAC attrs: 0x1
[    0.803099]   Magic number: 15:628:155
[    0.803933] rtc_cmos rtc_cmos: setting system clock to 2023-11-25 01:10:29 UTC (1700874629)
[    0.805680] BIOS EDD facility v0.16 2004-Jun-25, 0 devices found
[    0.806792] EDD information not available.
[    0.895038] Freeing unused kernel image memory: 2480K
[    0.908062] Write protecting the kernel read-only data: 20480k
[    0.910301] Freeing unused kernel image memory: 2008K
[    0.912020] Freeing unused kernel image memory: 1820K
[    0.924338] x86/mm: Checked W+X mappings: passed, no W+X pages found.
[    0.926285] x86/mm: Checking user space page tables
[    0.937579] x86/mm: Checked W+X mappings: passed, no W+X pages found.
Loading, please wait...
starting version 237
[    1.039320] Fusion MPT base driver 3.04.20
[    1.040572] Copyright (c) 1999-2008 LSI Corporation
[    1.060029] e1000: Intel(R) PRO/1000 Network Driver - version 7.3.21-k8-NAPI
[    1.061807] e1000: Copyright (c) 1999-2006 Intel Corporation.
[    1.084445] Fusion MPT SPI Host driver 3.04.20
[    1.261479] input: ImExPS/2 Generic Explorer Mouse as /devices/platform/i8042/serio1/input/input4
[    1.456239] e1000 0000:00:03.0 eth0: (PCI:33MHz:32-bit) 02:3b:7b:b7:3b:2d
[    1.457962] e1000 0000:00:03.0 eth0: Intel(R) PRO/1000 Network Connection
[    1.461577] e1000 0000:00:03.0 enp0s3: renamed from eth0
[    1.463162] mptbase: ioc0: Initiating bringup
[    1.560447] ioc0: LSI53C1030 A0: Capabilities={Initiator}
[    1.803439] scsi host2: ioc0: LSI53C1030 A0, FwRev=00000000h, Ports=1, MaxQ=256, IRQ=20
[    1.972761] scsi 2:0:0:0: Direct-Access     VBOX     HARDDISK         1.0  PQ: 0 ANSI: 5
[    2.004142] scsi target2:0:0: Beginning Domain Validation
[    2.013040] scsi target2:0:0: Domain Validation skipping write tests
[    2.014626] scsi target2:0:0: Ending Domain Validation
[    2.016921] scsi target2:0:0: asynchronous
[    2.018842] scsi 2:0:1:0: Direct-Access     VBOX     HARDDISK         1.0  PQ: 0 ANSI: 5
[    2.052082] scsi target2:0:1: Beginning Domain Validation
[    2.055379] scsi target2:0:1: Domain Validation skipping write tests
[    2.057122] scsi target2:0:1: Ending Domain Validation
[    2.058189] scsi target2:0:1: asynchronous
[    2.062986] sd 2:0:0:0: Attached scsi generic sg0 type 0
[    2.063182] sd 2:0:0:0: [sda] 83886080 512-byte logical blocks: (42.9 GB/40.0 GiB)
[    2.066324] sd 2:0:0:0: [sda] Write Protect is off
[    2.067801] sd 2:0:1:0: Attached scsi generic sg1 type 0
[    2.068621] sd 2:0:0:0: [sda] Incomplete mode parameter data
[    2.074708] sd 2:0:0:0: [sda] Assuming drive cache: write through
[    2.076331] sd 2:0:1:0: [sdb] 20480 512-byte logical blocks: (10.5 MB/10.0 MiB)
[    2.078319] sd 2:0:1:0: [sdb] Write Protect is off
[    2.079699] sd 2:0:1:0: [sdb] Incomplete mode parameter data
[    2.080532]  sda: sda1
[    2.081131] sd 2:0:1:0: [sdb] Assuming drive cache: write through
[    2.084470] sd 2:0:0:0: [sda] Attached SCSI disk
[    2.115202] sd 2:0:1:0: [sdb] Attached SCSI disk
Begin: Loading essential drivers ... [    3.735821] raid6: sse2x1   gen()  5513 MB/s
[    3.795820] raid6: sse2x1   xor()  6199 MB/s
[    3.847750] raid6: sse2x2   gen() 11388 MB/s
[    3.903654] raid6: sse2x2   xor()  8225 MB/s
[    3.959757] raid6: sse2x4   gen() 14668 MB/s
[    4.011089] raid6: sse2x4   xor()  8748 MB/s
[    4.012226] raid6: using algorithm sse2x4 gen() 14668 MB/s
[    4.013491] raid6: .... xor() 8748 MB/s, rmw enabled
[    4.014656] raid6: using ssse3x2 recovery algorithm
[    4.019035] xor: automatically using best checksumming function   avx       
[    4.023699] async_tx: api initialized (async)
done.
Begin: Running /scripts/init-premount ... done.
Begin: Mounting root file system ... Begin: Running /scripts/local-top ... done.
Begin: Running /scripts/local-premount ... [    4.104929] Btrfs loaded, crc32c=crc32c-intel
Scanning for Btrfs filesystems
done.
Warning: fsck not present, so skipping root file system
[    4.161443] EXT4-fs (sda1): mounted filesystem with ordered data mode. Opts: (null)
done.
Begin: Running /scripts/local-bottom ... done.
Begin: Running /scripts/init-bottom ... done.
[    4.709966] ip_tables: (C) 2000-2006 Netfilter Core Team
[    4.758974] systemd[1]: systemd 237 running in system mode. (+PAM +AUDIT +SELINUX +IMA +APPARMOR +SMACK +SYSVINIT +UTMP +LIBCRYPTSETUP +GCRYPT +GNUTLS +ACL +XZ +LZ4 +SECCOMP +BLKID +ELFUTILS +KMOD -IDN2 +IDN -PCRE2 default-hierarchy=hybrid)
[    4.764983] systemd[1]: Detected virtualization oracle.
[    4.766398] systemd[1]: Detected architecture x86-64.

Welcome to [1mUbuntu 18.04.6 LTS[0m!

[    4.791297] systemd[1]: Set hostname to <ubuntu>.
[    4.800267] random: systemd: uninitialized urandom read (16 bytes read)
[    4.803234] systemd[1]: Initializing machine ID from random generator.
[    4.806305] systemd[1]: Installed transient /etc/machine-id file.
[    5.613526] random: systemd: uninitialized urandom read (16 bytes read)
[    5.616239] systemd[1]: Reached target Swap.
[[0;32m  OK  [0m] Reached target Swap.
[    5.618608] random: systemd: uninitialized urandom read (16 bytes read)
[    5.620633] systemd[1]: Reached target User and Group Name Lookups.
[[0;32m  OK  [0m] Reached target User and Group Name Lookups.
[    5.624026] systemd[1]: Started Forward Password Requests to Wall Directory Watch.
[[0;32m  OK  [0m] Started Forward Password Requests to Wall Directory Watch.
[    5.629741] systemd[1]: Created slice User and Session Slice.
[[0;32m  OK  [0m] Created slice User and Session Slice.
[[0;32m  OK  [0m] Reached target Mounting snaps.
[[0;32m  OK  [0m] Reached target Mounted snaps.
[[0;32m  OK  [0m] Set up automount Arbitrary Executab…rmats File System Automount Point.
[[0;32m  OK  [0m] Created slice System Slice.
[[0;32m  OK  [0m] Listening on Device-mapper event daemon FIFOs.
[[0;32m  OK  [0m] Listening on fsck to fsckd communication Socket.
[[0;32m  OK  [0m] Listening on /dev/initctl Compatibility Named Pipe.
[[0;32m  OK  [0m] Listening on udev Control Socket.
[[0;32m  OK  [0m] Created slice system-serial\x2dgetty.slice.
[[0;32m  OK  [0m] Listening on Journal Socket.
         Mounting POSIX Message Queue File System...
         Starting File System Check on Root Device...
         Mounting Kernel Debug File System...
         Starting Set the console keyboard layout...
[[0;32m  OK  [0m] Listening on Journal Socket (/dev/log).
[[0;32m  OK  [0m] Listening on LVM2 metadata daemon socket.
[[0;32m  OK  [0m] Reached target Slices.
         Starting Create list of required st…ce nodes for the current kernel...
[[0;32m  OK  [0m] Listening on LVM2 poll daemon socket.
         Starting Monitoring of LVM2 mirrors…ng dmeventd or progress polling...
         Starting Uncomplicated firewall...
[[0;32m  OK  [0m] Listening on Journal Audit Socket.
[[0;32m  OK  [0m] Listening on udev Kernel Socket.
         Starting udev Coldplug all Devices...
[[0;32m  OK  [0m] Listening on Syslog Socket.
         Mounting Huge Pages File System...
         Starting Journal Service...
[[0;32m  OK  [0m] Listening on Network Service Netlink Socket.
[[0;32m  OK  [0m] Reached target System Time Synchronized.
[    5.813628] random: lvm: uninitialized urandom read (4 bytes read)
[    5.938046] random: systemd: uninitialized urandom read (16 bytes read)
         Starting Load Kernel Modules...
[[0;32m  OK  [0m] Mounted POSIX Message Queue File System.
[[0;32m  OK  [0m] Started File System Check on Root Device.
[[0;32m  OK  [0m] Mounted Kernel Debug File System.
[[0;32m  OK  [0m] Started Create list of required sta…vice nodes for the current kernel.
[[0;32m  OK  [0m] Started Uncomplicated firewall.
[[0;32m  OK  [0m] Mounted Huge Pages File System.
[    5.978594] random: systemd: uninitialized urandom read (16 bytes read)
[[0;32m  OK  [0m] Started File System Check Daemon to report status.
[[0;32m  OK  [0m] Started LVM2 metadata daemon.
         Starting Create Static Device Nodes in /dev...
         Starting Remount Root and Kernel File Systems...
[[0;32m  OK  [0m] Started Journal Service.
[[0;32m  OK  [0m] Started udev Coldplug all Devices.
[[0;32m  OK  [0m] Started Create Static Device Nodes in /dev.
[    6.159940] Loading iSCSI transport class v2.0-870.
[    6.182160] iscsi: registered transport (tcp)
[    6.236113] EXT4-fs (sda1): re-mounted. Opts: (null)
[[0;32m  OK  [0m] Started Remount Root and Kernel File Systems.
         Starting Flush Journal to Persistent Storage...
         Starting udev Kernel Device Manager...
         Starting Load/Save Random Seed...
[[0;32m  OK  [0m] Started Monitoring of LVM2 mirrors,…sing dmeventd or progress polling.
[    6.384264] systemd-journald[386]: Received request to flush runtime journal from PID 1
[    6.406889] iscsi: registered transport (iser)
[[0;32m  OK  [0m] Started Load Kernel Modules.
         Starting Apply Kernel Variables...
         Mounting Kernel Configuration File System...
         Mounting FUSE Control File System...
[[0;32m  OK  [0m] Mounted Kernel Configuration File System.
[[0;32m  OK  [0m] Mounted FUSE Control File System.
[[0;32m  OK  [0m] Started Load/Save Random Seed.
[[0;32m  OK  [0m] Started udev Kernel Device Manager.
[[0;32m  OK  [0m] Started Apply Kernel Variables.
[[0;32m  OK  [0m] Started Flush Journal to Persistent Storage.
[[0;32m  OK  [0m] Found device /dev/ttyS0.
[[0;32m  OK  [0m] Listening on Load/Save RF Kill Switch Status /dev/rfkill Watch.
         Mounting Arbitrary Executable File Formats File System...
[[0;32m  OK  [0m] Mounted Arbitrary Executable File Formats File System.
[[0;32m  OK  [0m] Started Set the console keyboard layout.
[[0;32m  OK  [0m] Started Dispatch Password Requests to Console Directory Watch.
[[0;32m  OK  [0m] Reached target Local Encrypted Volumes.
[[0;32m  OK  [0m] Reached target Local File Systems (Pre).
[[0;32m  OK  [0m] Reached target Local File Systems.
         Starting Create Volatile Files and Directories...
         Starting Commit a transient machine-id on disk...
         Starting ebtables ruleset management...
         Starting AppArmor initialization...
         Starting Set console font and keymap...
         Starting Tell Plymouth To Write Out Runtime Data...
[[0;32m  OK  [0m] Started Create Volatile Files and Directories.
         Starting Update UTMP about System Boot/Shutdown...
[[0;32m  OK  [0m] Started Tell Plymouth To Write Out Runtime Data.
[[0;32m  OK  [0m] Started Update UTMP about System Boot/Shutdown.
[[0;32m  OK  [0m] Started Commit a transient machine-id on disk.
[[0;32m  OK  [0m] Started ebtables ruleset management.
[[0;32m  OK  [0m] Started AppArmor initialization.
         Starting Initial cloud-init job (pre-networking)...
         Starting Load AppArmor profiles managed internally by snapd...
[[0;32m  OK  [0m] Started Set console font and keymap.
[[0;32m  OK  [0m] Started Load AppArmor profiles managed internally by snapd.
[   13.191511] cloud-init[848]: Cloud-init v. 23.1.2-0ubuntu0~18.04.1 running 'init-local' at Sat, 25 Nov 2023 01:10:41 +0000. Up 12.57 seconds.
[[0;32m  OK  [0m] Started Initial cloud-init job (pre-networking).
[[0;32m  OK  [0m] Reached target Network (Pre).
         Starting Network Service...
[[0;32m  OK  [0m] Started Network Service.
         Starting Network Name Resolution...
         Starting Wait for Network to be Configured...
[[0;32m  OK  [0m] Started Network Name Resolution.
[[0;32m  OK  [0m] Reached target Network.
[[0;32m  OK  [0m] Reached target Host and Network Name Lookups.
[[0;32m  OK  [0m] Started Wait for Network to be Configured.
         Starting Initial cloud-init job (metadata service crawler)...
[   15.445270] cloud-init[1003]: Cloud-init v. 23.1.2-0ubuntu0~18.04.1 running 'init' at Sat, 25 Nov 2023 01:10:43 +0000. Up 15.24 seconds.
[   15.446896] cloud-init[1003]: ci-info: ++++++++++++++++++++++++++++++++++++++Net device info++++++++++++++++++++++++++++++++++++++
[   15.448905] cloud-init[1003]: ci-info: +--------+------+----------------------------+---------------+--------+-------------------+
[   15.450872] cloud-init[1003]: ci-info: | Device |  Up  |          Address           |      Mask     | Scope  |     Hw-Address    |
[   15.453274] cloud-init[1003]: ci-info: +--------+------+----------------------------+---------------+--------+-------------------+
[   15.456143] cloud-init[1003]: ci-info: | enp0s3 | True |         10.0.2.15          | 255.255.255.0 | global | 02:3b:7b:b7:3b:2d |
[   15.458709] cloud-init[1003]: ci-info: | enp0s3 | True | fe80::3b:7bff:feb7:3b2d/64 |       .       |  link  | 02:3b:7b:b7:3b:2d |
[   15.460610] cloud-init[1003]: ci-info: |   lo   | True |         127.0.0.1          |   255.0.0.0   |  host  |         .         |
[   15.462790] cloud-init[1003]: ci-info: |   lo   | True |          ::1/128           |       .       |  host  |         .         |
[   15.464777] cloud-init[1003]: ci-info: +--------+------+----------------------------+---------------+--------+-------------------+
[   15.466781] cloud-init[1003]: ci-info: ++++++++++++++++++++++++++++Route IPv4 info+++++++++++++++++++++++++++++
[   15.468528] cloud-init[1003]: ci-info: +-------+-------------+----------+-----------------+-----------+-------+
[   15.480331] cloud-init[1003]: ci-info: | Route | Destination | Gateway  |     Genmask     | Interface | Flags |
[   15.482962] cloud-init[1003]: ci-info: +-------+-------------+----------+-----------------+-----------+-------+
[   15.484549] cloud-init[1003]: ci-info: |   0   |   0.0.0.0   | 10.0.2.2 |     0.0.0.0     |   enp0s3  |   UG  |
[   15.496315] cloud-init[1003]: ci-info: |   1   |   10.0.2.0  | 0.0.0.0  |  255.255.255.0  |   enp0s3  |   U   |
[   15.498025] cloud-init[1003]: ci-info: |   2   |   10.0.2.2  | 0.0.0.0  | 255.255.255.255 |   enp0s3  |   UH  |
[   15.499983] cloud-init[1003]: ci-info: +-------+-------------+----------+-----------------+-----------+-------+
[   15.501790] cloud-init[1003]: ci-info: +++++++++++++++++++Route IPv6 info+++++++++++++++++++
[   15.503435] cloud-init[1003]: ci-info: +-------+-------------+---------+-----------+-------+
[   15.505054] cloud-init[1003]: ci-info: | Route | Destination | Gateway | Interface | Flags |
[   15.507612] cloud-init[1003]: ci-info: +-------+-------------+---------+-----------+-------+
[   15.509067] cloud-init[1003]: ci-info: |   1   |  fe80::/64  |    ::   |   enp0s3  |   U   |
[   15.510608] cloud-init[1003]: ci-info: |   3   |    local    |    ::   |   enp0s3  |   U   |
[   15.512327] cloud-init[1003]: ci-info: |   4   |   ff00::/8  |    ::   |   enp0s3  |   U   |
[   15.513987] cloud-init[1003]: ci-info: +-------+-------------+---------+-----------+-------+
[   17.874798] cloud-init[1003]: Generating public/private rsa key pair.
[   17.875960] cloud-init[1003]: Your identification has been saved in /etc/ssh/ssh_host_rsa_key.
[   17.877544] cloud-init[1003]: Your public key has been saved in /etc/ssh/ssh_host_rsa_key.pub.
[   17.879069] cloud-init[1003]: The key fingerprint is:
[   17.880072] cloud-init[1003]: SHA256:LBZel6pjTHYAo98fk8d53EwM55mlwtQGtrix2adaM/o root@ubuntu-bionic
[   17.881660] cloud-init[1003]: The key's randomart image is:
[   17.882665] cloud-init[1003]: +---[RSA 2048]----+
[   17.883573] cloud-init[1003]: |    o       =o. .|
[   17.884410] cloud-init[1003]: |   . o     * *o= |
[   17.885195] cloud-init[1003]: |  .   o . = +.B  |
[   17.886042] cloud-init[1003]: |   . o = = O =   |
[   17.886936] cloud-init[1003]: |    . B S B + +  |
[   17.887784] cloud-init[1003]: |     = = + . o   |
[   17.888688] cloud-init[1003]: |      = .   =    |
[   17.889545] cloud-init[1003]: |     . .   + o   |
[   17.890461] cloud-init[1003]: |          o.E    |
[   17.891303] cloud-init[1003]: +----[SHA256]-----+
[   17.892204] cloud-init[1003]: Generating public/private dsa key pair.
[   17.893470] cloud-init[1003]: Your identification has been saved in /etc/ssh/ssh_host_dsa_key.
[   17.895078] cloud-init[1003]: Your public key has been saved in /etc/ssh/ssh_host_dsa_key.pub.
[   17.896744] cloud-init[1003]: The key fingerprint is:
[   17.897728] cloud-init[1003]: SHA256:4+eB+UskoEfrnMIXAJIDrv1X9DWQHo4mFS/uaJAHloI root@ubuntu-bionic
[   17.899330] cloud-init[1003]: The key's randomart image is:
[   17.900307] cloud-init[1003]: +---[DSA 1024]----+
[   17.901245] cloud-init[1003]: |+..     ....     |
[   17.902130] cloud-init[1003]: |+o . .  ..o.     |
[   17.902988] cloud-init[1003]: |Eo. = o.o+..o    |
[   17.903839] cloud-init[1003]: |.. o *.=ooo. .   |
[   17.904716] cloud-init[1003]: |. . + =oS o      |
[   17.905600] cloud-init[1003]: |   o * B *       |
[   17.906514] cloud-init[1003]: |    + O = +      |
[   17.907419] cloud-init[1003]: |     =   = .     |
[   17.908330] cloud-init[1003]: |          +.     |
[   17.909200] cloud-init[1003]: +----[SHA256]-----+
[   17.910065] cloud-init[1003]: Generating public/private ecdsa key pair.
[   17.911218] cloud-init[1003]: Your identification has been saved in /etc/ssh/ssh_host_ecdsa_key.
[   17.912755] cloud-init[1003]: Your public key has been saved in /etc/ssh/ssh_host_ecdsa_key.pub.
[   17.914376] cloud-init[1003]: The key fingerprint is:
[   17.915300] cloud-init[1003]: SHA256:MeKgv96UrEHIcGU5hmykXn10p5r65iGGshtByfaXcuQ root@ubuntu-bionic
[   17.916918] cloud-init[1003]: The key's randomart image is:
[   17.917978] cloud-init[1003]: +---[ECDSA 256]---+
[   17.918908] cloud-init[1003]: | o..o. . . .     |
[   17.919799] cloud-init[1003]: |..=o= . . o      |
[   17.920687] cloud-init[1003]: |o*.o.+..o.       |
[   17.921553] cloud-init[1003]: |++ooooo.oo       |
[   17.922442] cloud-init[1003]: | o+o.E.oS        |
[   17.923308] cloud-init[1003]: |  .o=...         |
[   17.924151] cloud-init[1003]: | o .o++.         |
[   17.925044] cloud-init[1003]: |  + .*o..        |
[   17.925920] cloud-init[1003]: | o..+ +o         |
[   17.926796] cloud-init[1003]: +----[SHA256]-----+
[   17.927662] cloud-init[1003]: Generating public/private ed25519 key pair.
[   17.928933] cloud-init[1003]: Your identification has been saved in /etc/ssh/ssh_host_ed25519_key.
[   17.930522] cloud-init[1003]: Your public key has been saved in /etc/ssh/ssh_host_ed25519_key.pub.
[   17.932199] cloud-init[1003]: The key fingerprint is:
[   17.933177] cloud-init[1003]: SHA256:+HLxOOUpWXkSKevC6aCmwNRAcjjDM6E8+BOph8Z0zls root@ubuntu-bionic
[   17.934691] cloud-init[1003]: The key's randomart image is:
[   17.935720] cloud-init[1003]: +--[ED25519 256]--+
[   17.936633] cloud-init[1003]: |o+o              |
[   17.937452] cloud-init[1003]: |X= .       .     |
[   17.938311] cloud-init[1003]: |oB=.    . o      |
[   17.939171] cloud-init[1003]: |o+B.   . o o     |
[   17.940110] cloud-init[1003]: |o+++ E. S = .    |
[   17.941014] cloud-init[1003]: |+. .o. + O +     |
[   17.941897] cloud-init[1003]: |.. .. = O +      |
[   17.942757] cloud-init[1003]: |. .. o + o       |
[   17.943528] cloud-init[1003]: |.o.   .          |
[   17.944514] cloud-init[1003]: +----[SHA256]-----+
[[0;32m  OK  [0m] Started Initial cloud-init job (metadata service crawler).
[[0;32m  OK  [0m] Reached target Network is Online.
[[0;32m  OK  [0m] Reached target Remote File Systems (Pre).
[[0;32m  OK  [0m] Reached target Remote File Systems.
         Starting Availability of block devices...
[[0;32m  OK  [0m] Reached target System Initialization.
         Starting Socket activation for snappy daemon.
[[0;32m  OK  [0m] Started ACPI Events Check.
[[0;32m  OK  [0m] Listening on UUID daemon activation socket.
[[0;32m  OK  [0m] Started Discard unused blocks once a week.
[[0;32m  OK  [0m] Started Message of the Day.
[[0;32m  OK  [0m] Listening on ACPID Listen Socket.
         Starting LXD - unix socket.
[[0;32m  OK  [0m] Reached target Paths.
[[0;32m  OK  [0m] Started Daily apt download activities.
[[0;32m  OK  [0m] Started Ubuntu Advantage Timer for running repeated jobs.
[[0;32m  OK  [0m] Listening on cloud-init hotplug hook socket.
[[0;32m  OK  [0m] Started Daily apt upgrade and clean activities.
[[0;32m  OK  [0m] Listening on Open-iSCSI iscsid Socket.
[[0;32m  OK  [0m] Listening on D-Bus System Message Bus Socket.
[[0;32m  OK  [0m] Started Daily Cleanup of Temporary Directories.
[[0;32m  OK  [0m] Reached target Timers.
[[0;32m  OK  [0m] Reached target Cloud-config availability.
[[0;32m  OK  [0m] Started Availability of block devices.
[[0;32m  OK  [0m] Listening on Socket activation for snappy daemon.
[[0;32m  OK  [0m] Listening on LXD - unix socket.
[[0;32m  OK  [0m] Reached target Sockets.
[[0;32m  OK  [0m] Reached target Basic System.
         Starting LSB: Record successful boot for GRUB...
         Starting Dispatcher daemon for systemd-networkd...
[[0;32m  OK  [0m] Reached target Login Prompts (Pre).
         Starting Login Service...
         Starting Accounts Service...
[[0;32m  OK  [0m] Started Regular background program processing daemon.
         Starting Pollinate to seed the pseudo random number generator...
[[0;32m  OK  [0m] Started D-Bus System Message Bus.
         Starting LXD - container startup/shutdown...
[[0;32m  OK  [0m] Started irqbalance daemon.
         Starting System Logging Service...
         Starting Snap Daemon...
[[0;32m  OK  [0m] Started FUSE filesystem for LXC.
         Starting Virtualbox guest utils...
[[0;32m  OK  [0m] Started Deferred execution scheduler.
         Starting Permit User Sessions...
         Starting LSB: automatic crash report generation...
[[0;32m  OK  [0m] Started System Logging Service.
[[0;32m  OK  [0m] Started Login Service.
[[0;32m  OK  [0m] Started Permit User Sessions.
         Starting Terminate Plymouth Boot Screen...
         Starting Hold until boot process finishes up...
         Starting Authorization Manager...
[[0;32m  OK  [0m] Started Unattended Upgrades Shutdown.
[[0;32m  OK  [0m] Started Terminate Plymouth Boot Screen.
[[0;32m  OK  [0m] Started Hold until boot process finishes up.
[[0;32m  OK  [0m] Started Serial Getty on ttyS0.
         Starting Set console scheme...
[[0;32m  OK  [0m] Started Set console scheme.
[[0;32m  OK  [0m] Created slice system-getty.slice.
[[0;32m  OK  [0m] Started Getty on tty1.
[[0;32m  OK  [0m] Reached target Login Prompts.
[[0;32m  OK  [0m] Started LSB: automatic crash report generation.
[[0;32m  OK  [0m] Started LSB: Record successful boot for GRUB.
[[0;32m  OK  [0m] Started Authorization Manager.
[[0;32m  OK  [0m] Started Accounts Service.
[[0;32m  OK  [0m] Started Virtualbox guest utils.
[[0;32m  OK  [0m] Started LXD - container startup/shutdown.
[[0;32m  OK  [0m] Started Dispatcher daemon for systemd-networkd.
[[0;32m  OK  [0m] Started Snap Daemon.
         Starting Wait until snapd is fully seeded...
[[0;32m  OK  [0m] Started Pollinate to seed the pseudo random number generator.
         Starting OpenBSD Secure Shell server...
[[0;32m  OK  [0m] Started OpenBSD Secure Shell server.
         Starting Time & Date Service...
[[0;32m  OK  [0m] Started Time & Date Service.
[[0;32m  OK  [0m] Created slice User Slice of vagrant.
         Starting User Manager for UID 1000...
[[0;32m  OK  [0m] Started Session 1 of user vagrant.
[[0;32m  OK  [0m] Started User Manager for UID 1000.

Ubuntu 18.04.6 LTS ubuntu-bionic ttyS0

ubuntu-bionic login: [   28.955244] cloud-init[1862]: Cloud-init v. 23.1.2-0ubuntu0~18.04.1 running 'modules:config' at Sat, 25 Nov 2023 01:10:56 +0000. Up 27.74 seconds.
ci-info: no authorized SSH keys fingerprints found for user ubuntu.
<14>Nov 25 01:10:58 cloud-init: #############################################################
<14>Nov 25 01:10:58 cloud-init: -----BEGIN SSH HOST KEY FINGERPRINTS-----
<14>Nov 25 01:10:58 cloud-init: 1024 SHA256:4+eB+UskoEfrnMIXAJIDrv1X9DWQHo4mFS/uaJAHloI root@ubuntu-bionic (DSA)
<14>Nov 25 01:10:58 cloud-init: 256 SHA256:MeKgv96UrEHIcGU5hmykXn10p5r65iGGshtByfaXcuQ root@ubuntu-bionic (ECDSA)
<14>Nov 25 01:10:58 cloud-init: 256 SHA256:+HLxOOUpWXkSKevC6aCmwNRAcjjDM6E8+BOph8Z0zls root@ubuntu-bionic (ED25519)
<14>Nov 25 01:10:58 cloud-init: 2048 SHA256:LBZel6pjTHYAo98fk8d53EwM55mlwtQGtrix2adaM/o root@ubuntu-bionic (RSA)
<14>Nov 25 01:10:58 cloud-init: -----END SSH HOST KEY FINGERPRINTS-----
<14>Nov 25 01:10:58 cloud-init: #############################################################
-----BEGIN SSH HOST KEY KEYS-----
ecdsa-sha2-nistp256 AAAAE2VjZHNhLXNoYTItbmlzdHAyNTYAAAAIbmlzdHAyNTYAAABBBE3CYHcQBpLP8LpUajMaYy1KBCAGJqWeBriK5QN6qt6g1PtxW895lBeou3i/seh7ROTSV1hS/reGXof7ep7G7Z4= root@ubuntu-bionic
ssh-ed25519 AAAAC3NzaC1lZDI1NTE5AAAAIEhV/2m+jK9sFHuOuVRpKvNbFdP0LxNX10FtRhv9KKqr root@ubuntu-bionic
ssh-rsa AAAAB3NzaC1yc2EAAAADAQABAAABAQCp5M60fDrUaFjCS4oA3a8yF98YAVgxGIEgGDYjOSGQ2WENTtW9F4Wo930k/iAXsUM8OsgJch2s/L+J7PmredAFl0P7GywofFoJdVfgNIl1vZxDlWe887AU8M25WBql0IZxwVo1ahANXyBKUOMjOechOH0A+eU4Vqmk6PCUrWZWH3UJeljuWjB73QyU4hq0Cr551xF/msatZfYmqQ8IqFxvz5oSXvCJfIVL5niiCirAMavufP1W7U4oa71Dt65D1K99TyECTFBXkAN1UsrxSNcxJwfQg8J1L3E7KzBkzVTU4Fh/qJT8C4VGe1+hIhqsulXYJnknjIQwGtntaBD/AgHZ root@ubuntu-bionic
-----END SSH HOST KEY KEYS-----
[   30.145336] cloud-init[1997]: Cloud-init v. 23.1.2-0ubuntu0~18.04.1 running 'modules:final' at Sat, 25 Nov 2023 01:10:58 +0000. Up 29.71 seconds.
[   30.145532] cloud-init[1997]: Cloud-init v. 23.1.2-0ubuntu0~18.04.1 finished at Sat, 25 Nov 2023 01:10:58 +0000. Datasource DataSourceNoCloud [seed=/dev/sdb][dsmode=net].  Up 30.12 seconds
